2025-09-21 11:36:10 [INFO] webapp - ==== Runtime Env ====
2025-09-21 11:36:10 [INFO] webapp - Python: 3.12.6 (tags/v3.12.6:a4a2d2b, Sep  6 2024, 20:11:23) [MSC v.1940 64 bit (AMD64)]
2025-09-21 11:36:10 [INFO] webapp - OS: Windows 10.0.26100
2025-09-21 11:36:10 [INFO] webapp - torch: 2.5.0+cu121 (cuda=True) | transformers: 4.46.1 | diffusers: 0.32.0
2025-09-21 11:36:10 [INFO] webapp - Device: NVIDIA GeForce RTX 4090 Laptop GPU
2025-09-21 11:36:10 [INFO] webapp - Log file: C:\Users\23154\Downloads\YUME-main-1\YUME-main\logs\webapp_20250921_113610.log
2025-09-21 11:36:10 [INFO] webapp - [LAUNCH] 即将启动：http://127.0.0.1:7665
2025-09-21 11:36:10 [INFO] webapp - [LAUNCH] Log file: C:\Users\23154\Downloads\YUME-main-1\YUME-main\logs\webapp_20250921_113610.log
2025-09-21 11:36:44 [INFO] webapp - [load_wan] start (BF16, DEVICE_ID=0)
2025-09-21 11:36:44 [INFO] webapp - [device] checking CUDA…
2025-09-21 11:36:44 [INFO] webapp - [device] using cuda:0 - NVIDIA GeForce RTX 4090 Laptop GPU
2025-09-21 11:40:44 [ERROR] webapp - [api_load] load_wan failed: 'Wan2_2_VAE' object has no attribute 'to'
Traceback (most recent call last):
  File "C:\Users\23154\Downloads\YUME-main-1\YUME-main\webapp_single_gpu.py", line 223, in load_wan
    for p in vae.parameters():
             ^^^^^^^^^^^^^^
AttributeError: 'Wan2_2_VAE' object has no attribute 'parameters'

During handling of the above exception, another exception occurred:

Traceback (most recent call last):
  File "C:\Users\23154\Downloads\YUME-main-1\YUME-main\webapp_single_gpu.py", line 794, in api_load
    rst["wan_msg"] = load_wan()
                     ^^^^^^^^^^
  File "C:\Users\23154\Downloads\YUME-main-1\YUME-main\.venv\Lib\site-packages\torch\utils\_contextlib.py", line 116, in decorate_context
    return func(*args, **kwargs)
           ^^^^^^^^^^^^^^^^^^^^^
  File "C:\Users\23154\Downloads\YUME-main-1\YUME-main\webapp_single_gpu.py", line 227, in load_wan
    vae.to(device=MODELS.device)
    ^^^^^^
AttributeError: 'Wan2_2_VAE' object has no attribute 'to'
2025-09-21 11:40:45 [INFO] webapp - [load_caption_model] start (BF16)
2025-09-21 11:41:02 [INFO] webapp - [load_caption_model] OK in 16.47s
